2021-03-19 16:19:56.070  INFO 23024 --- [main] com.comm.community.CommunityApplication  : Starting CommunityApplication on DESKTOP-JGDMMVA with PID 23024 (C:\Users\lbr\Desktop\春招项目\项目练习\community\target\classes started by lbr in C:\Users\lbr\Desktop\春招项目\项目练习\community)
2021-03-19 16:19:56.090  INFO 23024 --- [main] com.comm.community.CommunityApplication  : No active profile set, falling back to default profiles: default
2021-03-19 16:19:56.290  WARN 23024 --- [background-preinit] o.s.h.c.j.Jackson2ObjectMapperBuilder    : For Jackson Kotlin classes support please add "com.fasterxml.jackson.module:jackson-module-kotlin" to the classpath
2021-03-19 16:19:58.200  INFO 23024 --- [main] .s.d.r.c.RepositoryConfigurationDelegate : Multiple Spring Data modules found, entering strict repository configuration mode!
2021-03-19 16:19:58.200  INFO 23024 --- [main] .s.d.r.c.RepositoryConfigurationDelegate : Bootstrapping Spring Data JPA repositories in DEFAULT mode.
2021-03-19 16:19:58.550  INFO 23024 --- [main] .s.d.r.c.RepositoryConfigurationDelegate : Finished Spring Data repository scanning in 289ms. Found 0 JPA repository interfaces.
2021-03-19 16:19:58.610  INFO 23024 --- [main] .s.d.r.c.RepositoryConfigurationDelegate : Multiple Spring Data modules found, entering strict repository configuration mode!
2021-03-19 16:19:58.620  INFO 23024 --- [main] .s.d.r.c.RepositoryConfigurationDelegate : Bootstrapping Spring Data Redis repositories in DEFAULT mode.
2021-03-19 16:19:58.700  INFO 23024 --- [main] .s.d.r.c.RepositoryConfigurationDelegate : Finished Spring Data repository scanning in 31ms. Found 0 Redis repository interfaces.
2021-03-19 16:19:59.945  INFO 23024 --- [main] o.s.b.w.embedded.tomcat.TomcatWebServer  : Tomcat initialized with port(s): 8887 (http)
2021-03-19 16:19:59.955  INFO 23024 --- [main] o.apache.catalina.core.StandardService   : Starting service [Tomcat]
2021-03-19 16:19:59.965  INFO 23024 --- [main] org.apache.catalina.core.StandardEngine  : Starting Servlet engine: [Apache Tomcat/9.0.41]
2021-03-19 16:20:00.195  INFO 23024 --- [main] o.a.c.c.C.[Tomcat].[localhost].[/]       : Initializing Spring embedded WebApplicationContext
2021-03-19 16:20:00.195  INFO 23024 --- [main] w.s.c.ServletWebServerApplicationContext : Root WebApplicationContext: initialization completed in 3915 ms
2021-03-19 16:20:00.835  INFO 23024 --- [main] com.zaxxer.hikari.HikariDataSource       : HikariPool-1 - Starting...
2021-03-19 16:20:02.085  INFO 23024 --- [main] com.zaxxer.hikari.HikariDataSource       : HikariPool-1 - Start completed.
2021-03-19 16:20:02.165  INFO 23024 --- [main] o.hibernate.jpa.internal.util.LogHelper  : HHH000204: Processing PersistenceUnitInfo [name: default]
2021-03-19 16:20:02.265  INFO 23024 --- [main] org.hibernate.Version                    : HHH000412: Hibernate ORM core version 5.4.25.Final
2021-03-19 16:20:02.605  INFO 23024 --- [main] o.hibernate.annotations.common.Version   : HCANN000001: Hibernate Commons Annotations {5.1.2.Final}
2021-03-19 16:20:03.865  INFO 23024 --- [main] org.hibernate.dialect.Dialect            : HHH000400: Using dialect: org.hibernate.dialect.MySQL8Dialect
2021-03-19 16:20:04.475 ERROR 23024 --- [main] j.LocalContainerEntityManagerFactoryBean : Failed to initialize JPA EntityManagerFactory: No identifier specified for entity: com.comm.community.model.UserLike
2021-03-19 16:20:04.475  WARN 23024 --- [main] ConfigServletWebServerApplicationContext : Exception encountered during context initialization - cancelling refresh attempt: org.springframework.beans.factory.BeanCreationException: Error creating bean with name 'entityManagerFactory' defined in class path resource [org/springframework/boot/autoconfigure/orm/jpa/HibernateJpaConfiguration.class]: Invocation of init method failed; nested exception is org.hibernate.AnnotationException: No identifier specified for entity: com.comm.community.model.UserLike
2021-03-19 16:20:04.475  INFO 23024 --- [main] com.zaxxer.hikari.HikariDataSource       : HikariPool-1 - Shutdown initiated...
2021-03-19 16:20:04.495  INFO 23024 --- [main] com.zaxxer.hikari.HikariDataSource       : HikariPool-1 - Shutdown completed.
2021-03-19 16:20:04.525  INFO 23024 --- [main] o.apache.catalina.core.StandardService   : Stopping service [Tomcat]
2021-03-19 16:20:04.535  INFO 23024 --- [main] ConditionEvaluationReportLoggingListener : 

Error starting ApplicationContext. To display the conditions report re-run your application with 'debug' enabled.
2021-03-19 16:20:04.555 ERROR 23024 --- [main] o.s.boot.SpringApplication               : Application run failed

org.springframework.beans.factory.BeanCreationException: Error creating bean with name 'entityManagerFactory' defined in class path resource [org/springframework/boot/autoconfigure/orm/jpa/HibernateJpaConfiguration.class]: Invocation of init method failed; nested exception is org.hibernate.AnnotationException: No identifier specified for entity: com.comm.community.model.UserLike
	at org.springframework.beans.factory.support.AbstractAutowireCapableBeanFactory.initializeBean(AbstractAutowireCapableBeanFactory.java:1794) ~[spring-beans-5.2.12.RELEASE.jar:5.2.12.RELEASE]
	at org.springframework.beans.factory.support.AbstractAutowireCapableBeanFactory.doCreateBean(AbstractAutowireCapableBeanFactory.java:594) ~[spring-beans-5.2.12.RELEASE.jar:5.2.12.RELEASE]
	at org.springframework.beans.factory.support.AbstractAutowireCapableBeanFactory.createBean(AbstractAutowireCapableBeanFactory.java:516) ~[spring-beans-5.2.12.RELEASE.jar:5.2.12.RELEASE]
	at org.springframework.beans.factory.support.AbstractBeanFactory.lambda$doGetBean$0(AbstractBeanFactory.java:324) ~[spring-beans-5.2.12.RELEASE.jar:5.2.12.RELEASE]
	at org.springframework.beans.factory.support.DefaultSingletonBeanRegistry.getSingleton(DefaultSingletonBeanRegistry.java:234) ~[spring-beans-5.2.12.RELEASE.jar:5.2.12.RELEASE]
	at org.springframework.beans.factory.support.AbstractBeanFactory.doGetBean(AbstractBeanFactory.java:322) ~[spring-beans-5.2.12.RELEASE.jar:5.2.12.RELEASE]
	at org.springframework.beans.factory.support.AbstractBeanFactory.getBean(AbstractBeanFactory.java:202) ~[spring-beans-5.2.12.RELEASE.jar:5.2.12.RELEASE]
	at org.springframework.context.support.AbstractApplicationContext.getBean(AbstractApplicationContext.java:1109) ~[spring-context-5.2.12.RELEASE.jar:5.2.12.RELEASE]
	at org.springframework.context.support.AbstractApplicationContext.finishBeanFactoryInitialization(AbstractApplicationContext.java:869) ~[spring-context-5.2.12.RELEASE.jar:5.2.12.RELEASE]
	at org.springframework.context.support.AbstractApplicationContext.refresh(AbstractApplicationContext.java:551) ~[spring-context-5.2.12.RELEASE.jar:5.2.12.RELEASE]
	at org.springframework.boot.web.servlet.context.ServletWebServerApplicationContext.refresh(ServletWebServerApplicationContext.java:143) ~[spring-boot-2.3.7.RELEASE.jar:2.3.7.RELEASE]
	at org.springframework.boot.SpringApplication.refresh(SpringApplication.java:758) [spring-boot-2.3.7.RELEASE.jar:2.3.7.RELEASE]
	at org.springframework.boot.SpringApplication.refresh(SpringApplication.java:750) [spring-boot-2.3.7.RELEASE.jar:2.3.7.RELEASE]
	at org.springframework.boot.SpringApplication.refreshContext(SpringApplication.java:405) [spring-boot-2.3.7.RELEASE.jar:2.3.7.RELEASE]
	at org.springframework.boot.SpringApplication.run(SpringApplication.java:315) [spring-boot-2.3.7.RELEASE.jar:2.3.7.RELEASE]
	at org.springframework.boot.SpringApplication.run(SpringApplication.java:1237) [spring-boot-2.3.7.RELEASE.jar:2.3.7.RELEASE]
	at org.springframework.boot.SpringApplication.run(SpringApplication.java:1226) [spring-boot-2.3.7.RELEASE.jar:2.3.7.RELEASE]
	at com.comm.community.CommunityApplication.main(CommunityApplication.java:16) [classes/:na]
Caused by: org.hibernate.AnnotationException: No identifier specified for entity: com.comm.community.model.UserLike
	at org.hibernate.cfg.InheritanceState.determineDefaultAccessType(InheritanceState.java:266) ~[hibernate-core-5.4.25.Final.jar:5.4.25.Final]
	at org.hibernate.cfg.InheritanceState.getElementsToProcess(InheritanceState.java:211) ~[hibernate-core-5.4.25.Final.jar:5.4.25.Final]
	at org.hibernate.cfg.AnnotationBinder.bindClass(AnnotationBinder.java:781) ~[hibernate-core-5.4.25.Final.jar:5.4.25.Final]
	at org.hibernate.boot.model.source.internal.annotations.AnnotationMetadataSourceProcessorImpl.processEntityHierarchies(AnnotationMetadataSourceProcessorImpl.java:248) ~[hibernate-core-5.4.25.Final.jar:5.4.25.Final]
	at org.hibernate.boot.model.process.spi.MetadataBuildingProcess$1.processEntityHierarchies(MetadataBuildingProcess.java:239) ~[hibernate-core-5.4.25.Final.jar:5.4.25.Final]
	at org.hibernate.boot.model.process.spi.MetadataBuildingProcess.complete(MetadataBuildingProcess.java:282) ~[hibernate-core-5.4.25.Final.jar:5.4.25.Final]
	at org.hibernate.jpa.boot.internal.EntityManagerFactoryBuilderImpl.metadata(EntityManagerFactoryBuilderImpl.java:1224) ~[hibernate-core-5.4.25.Final.jar:5.4.25.Final]
	at org.hibernate.jpa.boot.internal.EntityManagerFactoryBuilderImpl.build(EntityManagerFactoryBuilderImpl.java:1255) ~[hibernate-core-5.4.25.Final.jar:5.4.25.Final]
	at org.springframework.orm.jpa.vendor.SpringHibernateJpaPersistenceProvider.createContainerEntityManagerFactory(SpringHibernateJpaPersistenceProvider.java:58) ~[spring-orm-5.2.12.RELEASE.jar:5.2.12.RELEASE]
	at org.springframework.orm.jpa.LocalContainerEntityManagerFactoryBean.createNativeEntityManagerFactory(LocalContainerEntityManagerFactoryBean.java:365) ~[spring-orm-5.2.12.RELEASE.jar:5.2.12.RELEASE]
	at org.springframework.orm.jpa.AbstractEntityManagerFactoryBean.buildNativeEntityManagerFactory(AbstractEntityManagerFactoryBean.java:391) ~[spring-orm-5.2.12.RELEASE.jar:5.2.12.RELEASE]
	at org.springframework.orm.jpa.AbstractEntityManagerFactoryBean.afterPropertiesSet(AbstractEntityManagerFactoryBean.java:378) ~[spring-orm-5.2.12.RELEASE.jar:5.2.12.RELEASE]
	at org.springframework.orm.jpa.LocalContainerEntityManagerFactoryBean.afterPropertiesSet(LocalContainerEntityManagerFactoryBean.java:341) ~[spring-orm-5.2.12.RELEASE.jar:5.2.12.RELEASE]
	at org.springframework.beans.factory.support.AbstractAutowireCapableBeanFactory.invokeInitMethods(AbstractAutowireCapableBeanFactory.java:1853) ~[spring-beans-5.2.12.RELEASE.jar:5.2.12.RELEASE]
	at org.springframework.beans.factory.support.AbstractAutowireCapableBeanFactory.initializeBean(AbstractAutowireCapableBeanFactory.java:1790) ~[spring-beans-5.2.12.RELEASE.jar:5.2.12.RELEASE]
	... 17 common frames omitted

2021-03-19 16:21:04.897  INFO 16736 --- [main] com.comm.community.CommunityApplication  : Starting CommunityApplication on DESKTOP-JGDMMVA with PID 16736 (C:\Users\lbr\Desktop\春招项目\项目练习\community\target\classes started by lbr in C:\Users\lbr\Desktop\春招项目\项目练习\community)
2021-03-19 16:21:04.907  INFO 16736 --- [main] com.comm.community.CommunityApplication  : No active profile set, falling back to default profiles: default
2021-03-19 16:21:05.037  WARN 16736 --- [background-preinit] o.s.h.c.j.Jackson2ObjectMapperBuilder    : For Jackson Kotlin classes support please add "com.fasterxml.jackson.module:jackson-module-kotlin" to the classpath
2021-03-19 16:21:06.397  INFO 16736 --- [main] .s.d.r.c.RepositoryConfigurationDelegate : Multiple Spring Data modules found, entering strict repository configuration mode!
2021-03-19 16:21:06.407  INFO 16736 --- [main] .s.d.r.c.RepositoryConfigurationDelegate : Bootstrapping Spring Data JPA repositories in DEFAULT mode.
2021-03-19 16:21:06.507  INFO 16736 --- [main] .s.d.r.c.RepositoryConfigurationDelegate : Finished Spring Data repository scanning in 77ms. Found 0 JPA repository interfaces.
2021-03-19 16:21:06.537  INFO 16736 --- [main] .s.d.r.c.RepositoryConfigurationDelegate : Multiple Spring Data modules found, entering strict repository configuration mode!
2021-03-19 16:21:06.547  INFO 16736 --- [main] .s.d.r.c.RepositoryConfigurationDelegate : Bootstrapping Spring Data Redis repositories in DEFAULT mode.
2021-03-19 16:21:06.597  INFO 16736 --- [main] .s.d.r.c.RepositoryConfigurationDelegate : Finished Spring Data repository scanning in 28ms. Found 0 Redis repository interfaces.
2021-03-19 16:21:07.777  INFO 16736 --- [main] o.s.b.w.embedded.tomcat.TomcatWebServer  : Tomcat initialized with port(s): 8887 (http)
2021-03-19 16:21:07.787  INFO 16736 --- [main] o.apache.catalina.core.StandardService   : Starting service [Tomcat]
2021-03-19 16:21:07.787  INFO 16736 --- [main] org.apache.catalina.core.StandardEngine  : Starting Servlet engine: [Apache Tomcat/9.0.41]
2021-03-19 16:21:07.937  INFO 16736 --- [main] o.a.c.c.C.[Tomcat].[localhost].[/]       : Initializing Spring embedded WebApplicationContext
2021-03-19 16:21:07.947  INFO 16736 --- [main] w.s.c.ServletWebServerApplicationContext : Root WebApplicationContext: initialization completed in 2920 ms
2021-03-19 16:21:08.187  INFO 16736 --- [main] com.zaxxer.hikari.HikariDataSource       : HikariPool-1 - Starting...
2021-03-19 16:21:09.123  INFO 16736 --- [main] com.zaxxer.hikari.HikariDataSource       : HikariPool-1 - Start completed.
2021-03-19 16:21:09.193  INFO 16736 --- [main] o.hibernate.jpa.internal.util.LogHelper  : HHH000204: Processing PersistenceUnitInfo [name: default]
2021-03-19 16:21:09.273  INFO 16736 --- [main] org.hibernate.Version                    : HHH000412: Hibernate ORM core version 5.4.25.Final
2021-03-19 16:21:09.513  INFO 16736 --- [main] o.hibernate.annotations.common.Version   : HCANN000001: Hibernate Commons Annotations {5.1.2.Final}
2021-03-19 16:21:09.723  INFO 16736 --- [main] org.hibernate.dialect.Dialect            : HHH000400: Using dialect: org.hibernate.dialect.MySQL8Dialect
2021-03-19 16:21:09.933 ERROR 16736 --- [main] j.LocalContainerEntityManagerFactoryBean : Failed to initialize JPA EntityManagerFactory: No identifier specified for entity: com.comm.community.model.UserLike
2021-03-19 16:21:09.943  WARN 16736 --- [main] ConfigServletWebServerApplicationContext : Exception encountered during context initialization - cancelling refresh attempt: org.springframework.beans.factory.BeanCreationException: Error creating bean with name 'entityManagerFactory' defined in class path resource [org/springframework/boot/autoconfigure/orm/jpa/HibernateJpaConfiguration.class]: Invocation of init method failed; nested exception is org.hibernate.AnnotationException: No identifier specified for entity: com.comm.community.model.UserLike
2021-03-19 16:21:09.943  INFO 16736 --- [main] com.zaxxer.hikari.HikariDataSource       : HikariPool-1 - Shutdown initiated...
2021-03-19 16:21:09.963  INFO 16736 --- [main] com.zaxxer.hikari.HikariDataSource       : HikariPool-1 - Shutdown completed.
2021-03-19 16:21:09.963  INFO 16736 --- [main] o.apache.catalina.core.StandardService   : Stopping service [Tomcat]
2021-03-19 16:21:09.983  INFO 16736 --- [main] ConditionEvaluationReportLoggingListener : 

Error starting ApplicationContext. To display the conditions report re-run your application with 'debug' enabled.
2021-03-19 16:21:10.003 ERROR 16736 --- [main] o.s.boot.SpringApplication               : Application run failed

org.springframework.beans.factory.BeanCreationException: Error creating bean with name 'entityManagerFactory' defined in class path resource [org/springframework/boot/autoconfigure/orm/jpa/HibernateJpaConfiguration.class]: Invocation of init method failed; nested exception is org.hibernate.AnnotationException: No identifier specified for entity: com.comm.community.model.UserLike
	at org.springframework.beans.factory.support.AbstractAutowireCapableBeanFactory.initializeBean(AbstractAutowireCapableBeanFactory.java:1794) ~[spring-beans-5.2.12.RELEASE.jar:5.2.12.RELEASE]
	at org.springframework.beans.factory.support.AbstractAutowireCapableBeanFactory.doCreateBean(AbstractAutowireCapableBeanFactory.java:594) ~[spring-beans-5.2.12.RELEASE.jar:5.2.12.RELEASE]
	at org.springframework.beans.factory.support.AbstractAutowireCapableBeanFactory.createBean(AbstractAutowireCapableBeanFactory.java:516) ~[spring-beans-5.2.12.RELEASE.jar:5.2.12.RELEASE]
	at org.springframework.beans.factory.support.AbstractBeanFactory.lambda$doGetBean$0(AbstractBeanFactory.java:324) ~[spring-beans-5.2.12.RELEASE.jar:5.2.12.RELEASE]
	at org.springframework.beans.factory.support.DefaultSingletonBeanRegistry.getSingleton(DefaultSingletonBeanRegistry.java:234) ~[spring-beans-5.2.12.RELEASE.jar:5.2.12.RELEASE]
	at org.springframework.beans.factory.support.AbstractBeanFactory.doGetBean(AbstractBeanFactory.java:322) ~[spring-beans-5.2.12.RELEASE.jar:5.2.12.RELEASE]
	at org.springframework.beans.factory.support.AbstractBeanFactory.getBean(AbstractBeanFactory.java:202) ~[spring-beans-5.2.12.RELEASE.jar:5.2.12.RELEASE]
	at org.springframework.context.support.AbstractApplicationContext.getBean(AbstractApplicationContext.java:1109) ~[spring-context-5.2.12.RELEASE.jar:5.2.12.RELEASE]
	at org.springframework.context.support.AbstractApplicationContext.finishBeanFactoryInitialization(AbstractApplicationContext.java:869) ~[spring-context-5.2.12.RELEASE.jar:5.2.12.RELEASE]
	at org.springframework.context.support.AbstractApplicationContext.refresh(AbstractApplicationContext.java:551) ~[spring-context-5.2.12.RELEASE.jar:5.2.12.RELEASE]
	at org.springframework.boot.web.servlet.context.ServletWebServerApplicationContext.refresh(ServletWebServerApplicationContext.java:143) ~[spring-boot-2.3.7.RELEASE.jar:2.3.7.RELEASE]
	at org.springframework.boot.SpringApplication.refresh(SpringApplication.java:758) [spring-boot-2.3.7.RELEASE.jar:2.3.7.RELEASE]
	at org.springframework.boot.SpringApplication.refresh(SpringApplication.java:750) [spring-boot-2.3.7.RELEASE.jar:2.3.7.RELEASE]
	at org.springframework.boot.SpringApplication.refreshContext(SpringApplication.java:405) [spring-boot-2.3.7.RELEASE.jar:2.3.7.RELEASE]
	at org.springframework.boot.SpringApplication.run(SpringApplication.java:315) [spring-boot-2.3.7.RELEASE.jar:2.3.7.RELEASE]
	at org.springframework.boot.SpringApplication.run(SpringApplication.java:1237) [spring-boot-2.3.7.RELEASE.jar:2.3.7.RELEASE]
	at org.springframework.boot.SpringApplication.run(SpringApplication.java:1226) [spring-boot-2.3.7.RELEASE.jar:2.3.7.RELEASE]
	at com.comm.community.CommunityApplication.main(CommunityApplication.java:16) [classes/:na]
Caused by: org.hibernate.AnnotationException: No identifier specified for entity: com.comm.community.model.UserLike
	at org.hibernate.cfg.InheritanceState.determineDefaultAccessType(InheritanceState.java:266) ~[hibernate-core-5.4.25.Final.jar:5.4.25.Final]
	at org.hibernate.cfg.InheritanceState.getElementsToProcess(InheritanceState.java:211) ~[hibernate-core-5.4.25.Final.jar:5.4.25.Final]
	at org.hibernate.cfg.AnnotationBinder.bindClass(AnnotationBinder.java:781) ~[hibernate-core-5.4.25.Final.jar:5.4.25.Final]
	at org.hibernate.boot.model.source.internal.annotations.AnnotationMetadataSourceProcessorImpl.processEntityHierarchies(AnnotationMetadataSourceProcessorImpl.java:248) ~[hibernate-core-5.4.25.Final.jar:5.4.25.Final]
	at org.hibernate.boot.model.process.spi.MetadataBuildingProcess$1.processEntityHierarchies(MetadataBuildingProcess.java:239) ~[hibernate-core-5.4.25.Final.jar:5.4.25.Final]
	at org.hibernate.boot.model.process.spi.MetadataBuildingProcess.complete(MetadataBuildingProcess.java:282) ~[hibernate-core-5.4.25.Final.jar:5.4.25.Final]
	at org.hibernate.jpa.boot.internal.EntityManagerFactoryBuilderImpl.metadata(EntityManagerFactoryBuilderImpl.java:1224) ~[hibernate-core-5.4.25.Final.jar:5.4.25.Final]
	at org.hibernate.jpa.boot.internal.EntityManagerFactoryBuilderImpl.build(EntityManagerFactoryBuilderImpl.java:1255) ~[hibernate-core-5.4.25.Final.jar:5.4.25.Final]
	at org.springframework.orm.jpa.vendor.SpringHibernateJpaPersistenceProvider.createContainerEntityManagerFactory(SpringHibernateJpaPersistenceProvider.java:58) ~[spring-orm-5.2.12.RELEASE.jar:5.2.12.RELEASE]
	at org.springframework.orm.jpa.LocalContainerEntityManagerFactoryBean.createNativeEntityManagerFactory(LocalContainerEntityManagerFactoryBean.java:365) ~[spring-orm-5.2.12.RELEASE.jar:5.2.12.RELEASE]
	at org.springframework.orm.jpa.AbstractEntityManagerFactoryBean.buildNativeEntityManagerFactory(AbstractEntityManagerFactoryBean.java:391) ~[spring-orm-5.2.12.RELEASE.jar:5.2.12.RELEASE]
	at org.springframework.orm.jpa.AbstractEntityManagerFactoryBean.afterPropertiesSet(AbstractEntityManagerFactoryBean.java:378) ~[spring-orm-5.2.12.RELEASE.jar:5.2.12.RELEASE]
	at org.springframework.orm.jpa.LocalContainerEntityManagerFactoryBean.afterPropertiesSet(LocalContainerEntityManagerFactoryBean.java:341) ~[spring-orm-5.2.12.RELEASE.jar:5.2.12.RELEASE]
	at org.springframework.beans.factory.support.AbstractAutowireCapableBeanFactory.invokeInitMethods(AbstractAutowireCapableBeanFactory.java:1853) ~[spring-beans-5.2.12.RELEASE.jar:5.2.12.RELEASE]
	at org.springframework.beans.factory.support.AbstractAutowireCapableBeanFactory.initializeBean(AbstractAutowireCapableBeanFactory.java:1790) ~[spring-beans-5.2.12.RELEASE.jar:5.2.12.RELEASE]
	... 17 common frames omitted

2021-03-19 16:24:42.668  INFO 13752 --- [main] com.comm.community.CommunityApplication  : Starting CommunityApplication on DESKTOP-JGDMMVA with PID 13752 (C:\Users\lbr\Desktop\春招项目\项目练习\community\target\classes started by lbr in C:\Users\lbr\Desktop\春招项目\项目练习\community)
2021-03-19 16:24:42.668  INFO 13752 --- [main] com.comm.community.CommunityApplication  : No active profile set, falling back to default profiles: default
2021-03-19 16:24:42.808  WARN 13752 --- [background-preinit] o.s.h.c.j.Jackson2ObjectMapperBuilder    : For Jackson Kotlin classes support please add "com.fasterxml.jackson.module:jackson-module-kotlin" to the classpath
2021-03-19 16:24:44.248  INFO 13752 --- [main] .s.d.r.c.RepositoryConfigurationDelegate : Multiple Spring Data modules found, entering strict repository configuration mode!
2021-03-19 16:24:44.248  INFO 13752 --- [main] .s.d.r.c.RepositoryConfigurationDelegate : Bootstrapping Spring Data JPA repositories in DEFAULT mode.
2021-03-19 16:24:44.333  INFO 13752 --- [main] .s.d.r.c.RepositoryConfigurationDelegate : Finished Spring Data repository scanning in 64ms. Found 0 JPA repository interfaces.
2021-03-19 16:24:44.473  INFO 13752 --- [main] .s.d.r.c.RepositoryConfigurationDelegate : Multiple Spring Data modules found, entering strict repository configuration mode!
2021-03-19 16:24:44.493  INFO 13752 --- [main] .s.d.r.c.RepositoryConfigurationDelegate : Bootstrapping Spring Data Redis repositories in DEFAULT mode.
2021-03-19 16:24:44.663  INFO 13752 --- [main] .s.d.r.c.RepositoryConfigurationDelegate : Finished Spring Data repository scanning in 37ms. Found 0 Redis repository interfaces.
2021-03-19 16:24:47.234  INFO 13752 --- [main] o.s.b.w.embedded.tomcat.TomcatWebServer  : Tomcat initialized with port(s): 8887 (http)
2021-03-19 16:24:47.264  INFO 13752 --- [main] o.apache.catalina.core.StandardService   : Starting service [Tomcat]
2021-03-19 16:24:47.264  INFO 13752 --- [main] org.apache.catalina.core.StandardEngine  : Starting Servlet engine: [Apache Tomcat/9.0.41]
2021-03-19 16:24:47.554  INFO 13752 --- [main] o.a.c.c.C.[Tomcat].[localhost].[/]       : Initializing Spring embedded WebApplicationContext
2021-03-19 16:24:47.554  INFO 13752 --- [main] w.s.c.ServletWebServerApplicationContext : Root WebApplicationContext: initialization completed in 4766 ms
2021-03-19 16:24:47.874  INFO 13752 --- [main] com.zaxxer.hikari.HikariDataSource       : HikariPool-1 - Starting...
2021-03-19 16:24:49.746  INFO 13752 --- [main] com.zaxxer.hikari.HikariDataSource       : HikariPool-1 - Start completed.
2021-03-19 16:24:49.827  INFO 13752 --- [main] o.hibernate.jpa.internal.util.LogHelper  : HHH000204: Processing PersistenceUnitInfo [name: default]
2021-03-19 16:24:49.936  INFO 13752 --- [main] org.hibernate.Version                    : HHH000412: Hibernate ORM core version 5.4.25.Final
2021-03-19 16:24:50.216  INFO 13752 --- [main] o.hibernate.annotations.common.Version   : HCANN000001: Hibernate Commons Annotations {5.1.2.Final}
2021-03-19 16:24:50.386  INFO 13752 --- [main] org.hibernate.dialect.Dialect            : HHH000400: Using dialect: org.hibernate.dialect.MySQL8Dialect
2021-03-19 16:24:50.686  INFO 13752 --- [main] o.h.e.t.j.p.i.JtaPlatformInitiator       : HHH000490: Using JtaPlatform implementation: [org.hibernate.engine.transaction.jta.platform.internal.NoJtaPlatform]
2021-03-19 16:24:50.706  INFO 13752 --- [main] j.LocalContainerEntityManagerFactoryBean : Initialized JPA EntityManagerFactory for persistence unit 'default'
2021-03-19 16:24:51.296  WARN 13752 --- [main] JpaBaseConfiguration$JpaWebConfiguration : spring.jpa.open-in-view is enabled by default. Therefore, database queries may be performed during view rendering. Explicitly configure spring.jpa.open-in-view to disable this warning
2021-03-19 16:24:51.457  INFO 13752 --- [main] o.s.s.concurrent.ThreadPoolTaskExecutor  : Initializing ExecutorService 'applicationTaskExecutor'
2021-03-19 16:24:51.556  INFO 13752 --- [main] o.s.b.a.w.s.WelcomePageHandlerMapping    : Adding welcome page template: index
2021-03-19 16:24:51.636  WARN 13752 --- [main] org.thymeleaf.templatemode.TemplateMode  : [THYMELEAF][main] Template Mode 'HTML5' is deprecated. Using Template Mode 'HTML' instead.
2021-03-19 16:24:52.316  INFO 13752 --- [main] o.s.s.c.ThreadPoolTaskScheduler          : Initializing ExecutorService 'taskScheduler'
2021-03-19 16:24:52.416  INFO 13752 --- [main] o.s.b.w.embedded.tomcat.TomcatWebServer  : Tomcat started on port(s): 8887 (http) with context path ''
2021-03-19 16:24:52.427  INFO 13752 --- [scheduling-1] com.comm.community.schedule.HotTagTasks  : hotTagSchedule Fri Mar 19 16:24:52 CST 2021
2021-03-19 16:24:52.436  INFO 13752 --- [main] com.comm.community.CommunityApplication  : Started CommunityApplication in 10.531 seconds (JVM running for 12.645)
2021-03-19 16:24:52.546  INFO 13752 --- [scheduling-1] com.comm.community.schedule.HotTagTasks  : the time is now Fri Mar 19 16:24:52 CST 2021
2021-03-19 16:24:52.546  INFO 13752 --- [scheduling-1] com.comm.community.schedule.HotTagTasks  : the time is now Fri Mar 19 16:24:52 CST 2021
2021-03-19 16:24:52.546  INFO 13752 --- [scheduling-1] com.comm.community.schedule.HotTagTasks  : the time is now Fri Mar 19 16:24:52 CST 2021
2021-03-19 16:24:52.546  INFO 13752 --- [scheduling-1] com.comm.community.schedule.HotTagTasks  : the time is now Fri Mar 19 16:24:52 CST 2021
2021-03-19 16:24:52.556  INFO 13752 --- [scheduling-1] com.comm.community.schedule.HotTagTasks  : the time is now Fri Mar 19 16:24:52 CST 2021
2021-03-19 16:24:52.556  INFO 13752 --- [scheduling-1] com.comm.community.schedule.HotTagTasks  : the time is now Fri Mar 19 16:24:52 CST 2021
2021-03-19 16:24:52.556  INFO 13752 --- [scheduling-1] com.comm.community.schedule.HotTagTasks  : the time is now Fri Mar 19 16:24:52 CST 2021
2021-03-19 16:25:04.865  INFO 13752 --- [http-nio-8887-exec-1] o.a.c.c.C.[Tomcat].[localhost].[/]       : Initializing Spring DispatcherServlet 'dispatcherServlet'
2021-03-19 16:25:04.867  INFO 13752 --- [http-nio-8887-exec-1] o.s.web.servlet.DispatcherServlet        : Initializing Servlet 'dispatcherServlet'
2021-03-19 16:25:04.881  INFO 13752 --- [http-nio-8887-exec-1] o.s.web.servlet.DispatcherServlet        : Completed initialization in 13 ms
2021-03-19 16:25:12.444  INFO 13752 --- [scheduling-1] com.comm.community.schedule.HotTagTasks  : hotTagSchedule Fri Mar 19 16:25:12 CST 2021
2021-03-19 16:25:12.444  INFO 13752 --- [scheduling-1] com.comm.community.schedule.HotTagTasks  : the time is now Fri Mar 19 16:25:12 CST 2021
2021-03-19 16:25:12.444  INFO 13752 --- [scheduling-1] com.comm.community.schedule.HotTagTasks  : the time is now Fri Mar 19 16:25:12 CST 2021
2021-03-19 16:25:12.444  INFO 13752 --- [scheduling-1] com.comm.community.schedule.HotTagTasks  : the time is now Fri Mar 19 16:25:12 CST 2021
2021-03-19 16:25:12.444  INFO 13752 --- [scheduling-1] com.comm.community.schedule.HotTagTasks  : the time is now Fri Mar 19 16:25:12 CST 2021
2021-03-19 16:25:12.444  INFO 13752 --- [scheduling-1] com.comm.community.schedule.HotTagTasks  : the time is now Fri Mar 19 16:25:12 CST 2021
2021-03-19 16:25:12.444  INFO 13752 --- [scheduling-1] com.comm.community.schedule.HotTagTasks  : the time is now Fri Mar 19 16:25:12 CST 2021
2021-03-19 16:25:12.444  INFO 13752 --- [scheduling-1] com.comm.community.schedule.HotTagTasks  : the time is now Fri Mar 19 16:25:12 CST 2021
2021-03-19 16:25:32.435  INFO 13752 --- [scheduling-1] com.comm.community.schedule.HotTagTasks  : hotTagSchedule Fri Mar 19 16:25:32 CST 2021
2021-03-19 16:25:32.435  INFO 13752 --- [scheduling-1] com.comm.community.schedule.HotTagTasks  : the time is now Fri Mar 19 16:25:32 CST 2021
2021-03-19 16:25:32.435  INFO 13752 --- [scheduling-1] com.comm.community.schedule.HotTagTasks  : the time is now Fri Mar 19 16:25:32 CST 2021
2021-03-19 16:25:32.435  INFO 13752 --- [scheduling-1] com.comm.community.schedule.HotTagTasks  : the time is now Fri Mar 19 16:25:32 CST 2021
2021-03-19 16:25:32.435  INFO 13752 --- [scheduling-1] com.comm.community.schedule.HotTagTasks  : the time is now Fri Mar 19 16:25:32 CST 2021
2021-03-19 16:25:32.435  INFO 13752 --- [scheduling-1] com.comm.community.schedule.HotTagTasks  : the time is now Fri Mar 19 16:25:32 CST 2021
2021-03-19 16:25:32.435  INFO 13752 --- [scheduling-1] com.comm.community.schedule.HotTagTasks  : the time is now Fri Mar 19 16:25:32 CST 2021
2021-03-19 16:25:32.435  INFO 13752 --- [scheduling-1] com.comm.community.schedule.HotTagTasks  : the time is now Fri Mar 19 16:25:32 CST 2021
2021-03-19 16:25:52.437  INFO 13752 --- [scheduling-1] com.comm.community.schedule.HotTagTasks  : hotTagSchedule Fri Mar 19 16:25:52 CST 2021
2021-03-19 16:25:52.447  INFO 13752 --- [scheduling-1] com.comm.community.schedule.HotTagTasks  : the time is now Fri Mar 19 16:25:52 CST 2021
2021-03-19 16:25:52.447  INFO 13752 --- [scheduling-1] com.comm.community.schedule.HotTagTasks  : the time is now Fri Mar 19 16:25:52 CST 2021
2021-03-19 16:25:52.447  INFO 13752 --- [scheduling-1] com.comm.community.schedule.HotTagTasks  : the time is now Fri Mar 19 16:25:52 CST 2021
2021-03-19 16:25:52.447  INFO 13752 --- [scheduling-1] com.comm.community.schedule.HotTagTasks  : the time is now Fri Mar 19 16:25:52 CST 2021
2021-03-19 16:25:52.447  INFO 13752 --- [scheduling-1] com.comm.community.schedule.HotTagTasks  : the time is now Fri Mar 19 16:25:52 CST 2021
2021-03-19 16:25:52.447  INFO 13752 --- [scheduling-1] com.comm.community.schedule.HotTagTasks  : the time is now Fri Mar 19 16:25:52 CST 2021
2021-03-19 16:25:52.447  INFO 13752 --- [scheduling-1] com.comm.community.schedule.HotTagTasks  : the time is now Fri Mar 19 16:25:52 CST 2021
2021-03-19 16:26:12.435  INFO 13752 --- [scheduling-1] com.comm.community.schedule.HotTagTasks  : hotTagSchedule Fri Mar 19 16:26:12 CST 2021
2021-03-19 16:26:12.442  INFO 13752 --- [scheduling-1] com.comm.community.schedule.HotTagTasks  : the time is now Fri Mar 19 16:26:12 CST 2021
2021-03-19 16:26:12.443  INFO 13752 --- [scheduling-1] com.comm.community.schedule.HotTagTasks  : the time is now Fri Mar 19 16:26:12 CST 2021
2021-03-19 16:26:12.443  INFO 13752 --- [scheduling-1] com.comm.community.schedule.HotTagTasks  : the time is now Fri Mar 19 16:26:12 CST 2021
2021-03-19 16:26:12.443  INFO 13752 --- [scheduling-1] com.comm.community.schedule.HotTagTasks  : the time is now Fri Mar 19 16:26:12 CST 2021
2021-03-19 16:26:12.443  INFO 13752 --- [scheduling-1] com.comm.community.schedule.HotTagTasks  : the time is now Fri Mar 19 16:26:12 CST 2021
2021-03-19 16:26:12.443  INFO 13752 --- [scheduling-1] com.comm.community.schedule.HotTagTasks  : the time is now Fri Mar 19 16:26:12 CST 2021
2021-03-19 16:26:12.443  INFO 13752 --- [scheduling-1] com.comm.community.schedule.HotTagTasks  : the time is now Fri Mar 19 16:26:12 CST 2021
2021-03-19 16:26:32.438  INFO 13752 --- [scheduling-1] com.comm.community.schedule.HotTagTasks  : hotTagSchedule Fri Mar 19 16:26:32 CST 2021
2021-03-19 16:26:32.438  INFO 13752 --- [scheduling-1] com.comm.community.schedule.HotTagTasks  : the time is now Fri Mar 19 16:26:32 CST 2021
2021-03-19 16:26:32.438  INFO 13752 --- [scheduling-1] com.comm.community.schedule.HotTagTasks  : the time is now Fri Mar 19 16:26:32 CST 2021
2021-03-19 16:26:32.438  INFO 13752 --- [scheduling-1] com.comm.community.schedule.HotTagTasks  : the time is now Fri Mar 19 16:26:32 CST 2021
2021-03-19 16:26:32.438  INFO 13752 --- [scheduling-1] com.comm.community.schedule.HotTagTasks  : the time is now Fri Mar 19 16:26:32 CST 2021
2021-03-19 16:26:32.438  INFO 13752 --- [scheduling-1] com.comm.community.schedule.HotTagTasks  : the time is now Fri Mar 19 16:26:32 CST 2021
2021-03-19 16:26:32.438  INFO 13752 --- [scheduling-1] com.comm.community.schedule.HotTagTasks  : the time is now Fri Mar 19 16:26:32 CST 2021
2021-03-19 16:26:32.438  INFO 13752 --- [scheduling-1] com.comm.community.schedule.HotTagTasks  : the time is now Fri Mar 19 16:26:32 CST 2021
2021-03-19 16:26:52.438  INFO 13752 --- [scheduling-1] com.comm.community.schedule.HotTagTasks  : hotTagSchedule Fri Mar 19 16:26:52 CST 2021
2021-03-19 16:26:52.443  INFO 13752 --- [scheduling-1] com.comm.community.schedule.HotTagTasks  : the time is now Fri Mar 19 16:26:52 CST 2021
2021-03-19 16:26:52.443  INFO 13752 --- [scheduling-1] com.comm.community.schedule.HotTagTasks  : the time is now Fri Mar 19 16:26:52 CST 2021
2021-03-19 16:26:52.443  INFO 13752 --- [scheduling-1] com.comm.community.schedule.HotTagTasks  : the time is now Fri Mar 19 16:26:52 CST 2021
2021-03-19 16:26:52.444  INFO 13752 --- [scheduling-1] com.comm.community.schedule.HotTagTasks  : the time is now Fri Mar 19 16:26:52 CST 2021
2021-03-19 16:26:52.444  INFO 13752 --- [scheduling-1] com.comm.community.schedule.HotTagTasks  : the time is now Fri Mar 19 16:26:52 CST 2021
2021-03-19 16:26:52.444  INFO 13752 --- [scheduling-1] com.comm.community.schedule.HotTagTasks  : the time is now Fri Mar 19 16:26:52 CST 2021
2021-03-19 16:26:52.444  INFO 13752 --- [scheduling-1] com.comm.community.schedule.HotTagTasks  : the time is now Fri Mar 19 16:26:52 CST 2021
2021-03-19 16:27:12.440  INFO 13752 --- [scheduling-1] com.comm.community.schedule.HotTagTasks  : hotTagSchedule Fri Mar 19 16:27:12 CST 2021
2021-03-19 16:27:12.454  INFO 13752 --- [scheduling-1] com.comm.community.schedule.HotTagTasks  : the time is now Fri Mar 19 16:27:12 CST 2021
2021-03-19 16:27:12.455  INFO 13752 --- [scheduling-1] com.comm.community.schedule.HotTagTasks  : the time is now Fri Mar 19 16:27:12 CST 2021
2021-03-19 16:27:12.456  INFO 13752 --- [scheduling-1] com.comm.community.schedule.HotTagTasks  : the time is now Fri Mar 19 16:27:12 CST 2021
2021-03-19 16:27:12.517  INFO 13752 --- [scheduling-1] com.comm.community.schedule.HotTagTasks  : the time is now Fri Mar 19 16:27:12 CST 2021
2021-03-19 16:27:12.518  INFO 13752 --- [scheduling-1] com.comm.community.schedule.HotTagTasks  : the time is now Fri Mar 19 16:27:12 CST 2021
2021-03-19 16:27:12.518  INFO 13752 --- [scheduling-1] com.comm.community.schedule.HotTagTasks  : the time is now Fri Mar 19 16:27:12 CST 2021
2021-03-19 16:27:12.519  INFO 13752 --- [scheduling-1] com.comm.community.schedule.HotTagTasks  : the time is now Fri Mar 19 16:27:12 CST 2021
2021-03-19 16:27:32.436  INFO 13752 --- [scheduling-1] com.comm.community.schedule.HotTagTasks  : hotTagSchedule Fri Mar 19 16:27:32 CST 2021
2021-03-19 16:27:32.440  INFO 13752 --- [scheduling-1] com.comm.community.schedule.HotTagTasks  : the time is now Fri Mar 19 16:27:32 CST 2021
2021-03-19 16:27:32.440  INFO 13752 --- [scheduling-1] com.comm.community.schedule.HotTagTasks  : the time is now Fri Mar 19 16:27:32 CST 2021
2021-03-19 16:27:32.440  INFO 13752 --- [scheduling-1] com.comm.community.schedule.HotTagTasks  : the time is now Fri Mar 19 16:27:32 CST 2021
2021-03-19 16:27:32.441  INFO 13752 --- [scheduling-1] com.comm.community.schedule.HotTagTasks  : the time is now Fri Mar 19 16:27:32 CST 2021
2021-03-19 16:27:32.442  INFO 13752 --- [scheduling-1] com.comm.community.schedule.HotTagTasks  : the time is now Fri Mar 19 16:27:32 CST 2021
2021-03-19 16:27:32.442  INFO 13752 --- [scheduling-1] com.comm.community.schedule.HotTagTasks  : the time is now Fri Mar 19 16:27:32 CST 2021
2021-03-19 16:27:32.442  INFO 13752 --- [scheduling-1] com.comm.community.schedule.HotTagTasks  : the time is now Fri Mar 19 16:27:32 CST 2021
2021-03-19 16:27:52.444  INFO 13752 --- [scheduling-1] com.comm.community.schedule.HotTagTasks  : hotTagSchedule Fri Mar 19 16:27:52 CST 2021
2021-03-19 16:27:52.444  INFO 13752 --- [scheduling-1] com.comm.community.schedule.HotTagTasks  : the time is now Fri Mar 19 16:27:52 CST 2021
2021-03-19 16:27:52.444  INFO 13752 --- [scheduling-1] com.comm.community.schedule.HotTagTasks  : the time is now Fri Mar 19 16:27:52 CST 2021
2021-03-19 16:27:52.444  INFO 13752 --- [scheduling-1] com.comm.community.schedule.HotTagTasks  : the time is now Fri Mar 19 16:27:52 CST 2021
2021-03-19 16:27:52.444  INFO 13752 --- [scheduling-1] com.comm.community.schedule.HotTagTasks  : the time is now Fri Mar 19 16:27:52 CST 2021
2021-03-19 16:27:52.444  INFO 13752 --- [scheduling-1] com.comm.community.schedule.HotTagTasks  : the time is now Fri Mar 19 16:27:52 CST 2021
2021-03-19 16:27:52.444  INFO 13752 --- [scheduling-1] com.comm.community.schedule.HotTagTasks  : the time is now Fri Mar 19 16:27:52 CST 2021
2021-03-19 16:27:52.444  INFO 13752 --- [scheduling-1] com.comm.community.schedule.HotTagTasks  : the time is now Fri Mar 19 16:27:52 CST 2021
2021-03-19 16:28:12.438  INFO 13752 --- [scheduling-1] com.comm.community.schedule.HotTagTasks  : hotTagSchedule Fri Mar 19 16:28:12 CST 2021
2021-03-19 16:28:12.438  INFO 13752 --- [scheduling-1] com.comm.community.schedule.HotTagTasks  : the time is now Fri Mar 19 16:28:12 CST 2021
2021-03-19 16:28:12.438  INFO 13752 --- [scheduling-1] com.comm.community.schedule.HotTagTasks  : the time is now Fri Mar 19 16:28:12 CST 2021
2021-03-19 16:28:12.438  INFO 13752 --- [scheduling-1] com.comm.community.schedule.HotTagTasks  : the time is now Fri Mar 19 16:28:12 CST 2021
2021-03-19 16:28:12.438  INFO 13752 --- [scheduling-1] com.comm.community.schedule.HotTagTasks  : the time is now Fri Mar 19 16:28:12 CST 2021
2021-03-19 16:28:12.438  INFO 13752 --- [scheduling-1] com.comm.community.schedule.HotTagTasks  : the time is now Fri Mar 19 16:28:12 CST 2021
2021-03-19 16:28:12.438  INFO 13752 --- [scheduling-1] com.comm.community.schedule.HotTagTasks  : the time is now Fri Mar 19 16:28:12 CST 2021
2021-03-19 16:28:12.438  INFO 13752 --- [scheduling-1] com.comm.community.schedule.HotTagTasks  : the time is now Fri Mar 19 16:28:12 CST 2021
2021-03-19 16:28:32.436  INFO 13752 --- [scheduling-1] com.comm.community.schedule.HotTagTasks  : hotTagSchedule Fri Mar 19 16:28:32 CST 2021
2021-03-19 16:28:32.440  INFO 13752 --- [scheduling-1] com.comm.community.schedule.HotTagTasks  : the time is now Fri Mar 19 16:28:32 CST 2021
2021-03-19 16:28:32.441  INFO 13752 --- [scheduling-1] com.comm.community.schedule.HotTagTasks  : the time is now Fri Mar 19 16:28:32 CST 2021
2021-03-19 16:28:32.441  INFO 13752 --- [scheduling-1] com.comm.community.schedule.HotTagTasks  : the time is now Fri Mar 19 16:28:32 CST 2021
2021-03-19 16:28:32.442  INFO 13752 --- [scheduling-1] com.comm.community.schedule.HotTagTasks  : the time is now Fri Mar 19 16:28:32 CST 2021
2021-03-19 16:28:32.443  INFO 13752 --- [scheduling-1] com.comm.community.schedule.HotTagTasks  : the time is now Fri Mar 19 16:28:32 CST 2021
2021-03-19 16:28:32.443  INFO 13752 --- [scheduling-1] com.comm.community.schedule.HotTagTasks  : the time is now Fri Mar 19 16:28:32 CST 2021
2021-03-19 16:28:32.443  INFO 13752 --- [scheduling-1] com.comm.community.schedule.HotTagTasks  : the time is now Fri Mar 19 16:28:32 CST 2021
2021-03-19 16:28:52.435  INFO 13752 --- [scheduling-1] com.comm.community.schedule.HotTagTasks  : hotTagSchedule Fri Mar 19 16:28:52 CST 2021
2021-03-19 16:28:52.439  INFO 13752 --- [scheduling-1] com.comm.community.schedule.HotTagTasks  : the time is now Fri Mar 19 16:28:52 CST 2021
2021-03-19 16:28:52.441  INFO 13752 --- [scheduling-1] com.comm.community.schedule.HotTagTasks  : the time is now Fri Mar 19 16:28:52 CST 2021
2021-03-19 16:28:52.441  INFO 13752 --- [scheduling-1] com.comm.community.schedule.HotTagTasks  : the time is now Fri Mar 19 16:28:52 CST 2021
2021-03-19 16:28:52.441  INFO 13752 --- [scheduling-1] com.comm.community.schedule.HotTagTasks  : the time is now Fri Mar 19 16:28:52 CST 2021
2021-03-19 16:28:52.442  INFO 13752 --- [scheduling-1] com.comm.community.schedule.HotTagTasks  : the time is now Fri Mar 19 16:28:52 CST 2021
2021-03-19 16:28:52.444  INFO 13752 --- [scheduling-1] com.comm.community.schedule.HotTagTasks  : the time is now Fri Mar 19 16:28:52 CST 2021
2021-03-19 16:28:52.445  INFO 13752 --- [scheduling-1] com.comm.community.schedule.HotTagTasks  : the time is now Fri Mar 19 16:28:52 CST 2021
2021-03-19 16:29:12.435  INFO 13752 --- [scheduling-1] com.comm.community.schedule.HotTagTasks  : hotTagSchedule Fri Mar 19 16:29:12 CST 2021
2021-03-19 16:29:12.440  INFO 13752 --- [scheduling-1] com.comm.community.schedule.HotTagTasks  : the time is now Fri Mar 19 16:29:12 CST 2021
2021-03-19 16:29:12.441  INFO 13752 --- [scheduling-1] com.comm.community.schedule.HotTagTasks  : the time is now Fri Mar 19 16:29:12 CST 2021
2021-03-19 16:29:12.442  INFO 13752 --- [scheduling-1] com.comm.community.schedule.HotTagTasks  : the time is now Fri Mar 19 16:29:12 CST 2021
2021-03-19 16:29:12.443  INFO 13752 --- [scheduling-1] com.comm.community.schedule.HotTagTasks  : the time is now Fri Mar 19 16:29:12 CST 2021
2021-03-19 16:29:12.443  INFO 13752 --- [scheduling-1] com.comm.community.schedule.HotTagTasks  : the time is now Fri Mar 19 16:29:12 CST 2021
2021-03-19 16:29:12.443  INFO 13752 --- [scheduling-1] com.comm.community.schedule.HotTagTasks  : the time is now Fri Mar 19 16:29:12 CST 2021
